

Started GET "/" for ::1 at 2015-06-01 15:41:51 -0400

ActiveRecord::NoDatabaseError (FATAL:  database "life_tracker_development" does not exist
):
  activerecord (4.2.1) lib/active_record/connection_adapters/postgresql_adapter.rb:661:in `rescue in connect'
  activerecord (4.2.1) lib/active_record/connection_adapters/postgresql_adapter.rb:651:in `connect'
  activerecord (4.2.1) lib/active_record/connection_adapters/postgresql_adapter.rb:242:in `initialize'
  activerecord (4.2.1) lib/active_record/connection_adapters/postgresql_adapter.rb:44:in `new'
  activerecord (4.2.1) lib/active_record/connection_adapters/postgresql_adapter.rb:44:in `postgresql_connection'
  activerecord (4.2.1) lib/active_record/connection_adapters/abstract/connection_pool.rb:438:in `new_connection'
  activerecord (4.2.1) lib/active_record/connection_adapters/abstract/connection_pool.rb:448:in `checkout_new_connection'
  activerecord (4.2.1) lib/active_record/connection_adapters/abstract/connection_pool.rb:422:in `acquire_connection'
  activerecord (4.2.1) lib/active_record/connection_adapters/abstract/connection_pool.rb:349:in `block in checkout'
  /usr/local/Cellar/ruby/2.2.2/lib/ruby/2.2.0/monitor.rb:211:in `mon_synchronize'
  activerecord (4.2.1) lib/active_record/connection_adapters/abstract/connection_pool.rb:348:in `checkout'
  activerecord (4.2.1) lib/active_record/connection_adapters/abstract/connection_pool.rb:263:in `block in connection'
  /usr/local/Cellar/ruby/2.2.2/lib/ruby/2.2.0/monitor.rb:211:in `mon_synchronize'
  activerecord (4.2.1) lib/active_record/connection_adapters/abstract/connection_pool.rb:262:in `connection'
  activerecord (4.2.1) lib/active_record/connection_adapters/abstract/connection_pool.rb:567:in `retrieve_connection'
  activerecord (4.2.1) lib/active_record/connection_handling.rb:113:in `retrieve_connection'
  activerecord (4.2.1) lib/active_record/connection_handling.rb:87:in `connection'
  activerecord (4.2.1) lib/active_record/migration.rb:384:in `connection'
  activerecord (4.2.1) lib/active_record/migration.rb:371:in `call'
  actionpack (4.2.1) lib/action_dispatch/middleware/callbacks.rb:29:in `block in call'
  activesupport (4.2.1) lib/active_support/callbacks.rb:88:in `call'
  activesupport (4.2.1) lib/active_support/callbacks.rb:88:in `_run_callbacks'
  activesupport (4.2.1) lib/active_support/callbacks.rb:776:in `_run_call_callbacks'
  activesupport (4.2.1) lib/active_support/callbacks.rb:81:in `run_callbacks'
  actionpack (4.2.1) lib/action_dispatch/middleware/callbacks.rb:27:in `call'
  actionpack (4.2.1) lib/action_dispatch/middleware/reloader.rb:73:in `call'
  actionpack (4.2.1) lib/action_dispatch/middleware/remote_ip.rb:78:in `call'
  actionpack (4.2.1) lib/action_dispatch/middleware/debug_exceptions.rb:17:in `call'
  web-console (2.1.2) lib/web_console/middleware.rb:37:in `call'
  actionpack (4.2.1) lib/action_dispatch/middleware/show_exceptions.rb:30:in `call'
  railties (4.2.1) lib/rails/rack/logger.rb:38:in `call_app'
  railties (4.2.1) lib/rails/rack/logger.rb:20:in `block in call'
  activesupport (4.2.1) lib/active_support/tagged_logging.rb:68:in `block in tagged'
  activesupport (4.2.1) lib/active_support/tagged_logging.rb:26:in `tagged'
  activesupport (4.2.1) lib/active_support/tagged_logging.rb:68:in `tagged'
  railties (4.2.1) lib/rails/rack/logger.rb:20:in `call'
  actionpack (4.2.1) lib/action_dispatch/middleware/request_id.rb:21:in `call'
  rack (1.6.1) lib/rack/methodoverride.rb:22:in `call'
  rack (1.6.1) lib/rack/runtime.rb:18:in `call'
  activesupport (4.2.1) lib/active_support/cache/strategy/local_cache_middleware.rb:28:in `call'
  rack (1.6.1) lib/rack/lock.rb:17:in `call'
  actionpack (4.2.1) lib/action_dispatch/middleware/static.rb:113:in `call'
  rack (1.6.1) lib/rack/sendfile.rb:113:in `call'
  railties (4.2.1) lib/rails/engine.rb:518:in `call'
  railties (4.2.1) lib/rails/application.rb:164:in `call'
  rack (1.6.1) lib/rack/lock.rb:17:in `call'
  rack (1.6.1) lib/rack/content_length.rb:15:in `call'
  rack (1.6.1) lib/rack/handler/webrick.rb:89:in `service'
  /usr/local/Cellar/ruby/2.2.2/lib/ruby/2.2.0/webrick/httpserver.rb:138:in `service'
  /usr/local/Cellar/ruby/2.2.2/lib/ruby/2.2.0/webrick/httpserver.rb:94:in `run'
  /usr/local/Cellar/ruby/2.2.2/lib/ruby/2.2.0/webrick/server.rb:294:in `block in start_thread'


  Rendered /usr/local/lib/ruby/gems/2.2.0/gems/actionpack-4.2.1/lib/action_dispatch/middleware/templates/rescues/_source.erb (5.3ms)
  Rendered /usr/local/lib/ruby/gems/2.2.0/gems/actionpack-4.2.1/lib/action_dispatch/middleware/templates/rescues/_trace.html.erb (2.7ms)
  Rendered /usr/local/lib/ruby/gems/2.2.0/gems/actionpack-4.2.1/lib/action_dispatch/middleware/templates/rescues/_request_and_response.html.erb (1.0ms)
  Rendered /usr/local/lib/ruby/gems/2.2.0/gems/actionpack-4.2.1/lib/action_dispatch/middleware/templates/rescues/diagnostics.html.erb within rescues/layout (85.7ms)
  Rendered /usr/local/lib/ruby/gems/2.2.0/gems/web-console-2.1.2/lib/web_console/templates/_markup.html.erb (0.4ms)
  Rendered /usr/local/lib/ruby/gems/2.2.0/gems/web-console-2.1.2/lib/web_console/templates/style.css.erb within layouts/inlined_string (0.4ms)
  Rendered /usr/local/lib/ruby/gems/2.2.0/gems/web-console-2.1.2/lib/web_console/templates/_inner_console_markup.html.erb within layouts/inlined_string (0.3ms)
  Rendered /usr/local/lib/ruby/gems/2.2.0/gems/web-console-2.1.2/lib/web_console/templates/_prompt_box_markup.html.erb within layouts/inlined_string (0.3ms)
  Rendered /usr/local/lib/ruby/gems/2.2.0/gems/web-console-2.1.2/lib/web_console/templates/console.js.erb within layouts/javascript (51.3ms)
  Rendered /usr/local/lib/ruby/gems/2.2.0/gems/web-console-2.1.2/lib/web_console/templates/main.js.erb within layouts/javascript (0.3ms)
  Rendered /usr/local/lib/ruby/gems/2.2.0/gems/web-console-2.1.2/lib/web_console/templates/error_page.js.erb within layouts/javascript (0.5ms)
  Rendered /usr/local/lib/ruby/gems/2.2.0/gems/web-console-2.1.2/lib/web_console/templates/index.html.erb (117.9ms)


Started GET "/" for ::1 at 2015-06-01 15:41:52 -0400

ActiveRecord::NoDatabaseError (FATAL:  database "life_tracker_development" does not exist
):
  activerecord (4.2.1) lib/active_record/connection_adapters/postgresql_adapter.rb:661:in `rescue in connect'
  activerecord (4.2.1) lib/active_record/connection_adapters/postgresql_adapter.rb:651:in `connect'
  activerecord (4.2.1) lib/active_record/connection_adapters/postgresql_adapter.rb:242:in `initialize'
  activerecord (4.2.1) lib/active_record/connection_adapters/postgresql_adapter.rb:44:in `new'
  activerecord (4.2.1) lib/active_record/connection_adapters/postgresql_adapter.rb:44:in `postgresql_connection'
  activerecord (4.2.1) lib/active_record/connection_adapters/abstract/connection_pool.rb:438:in `new_connection'
  activerecord (4.2.1) lib/active_record/connection_adapters/abstract/connection_pool.rb:448:in `checkout_new_connection'
  activerecord (4.2.1) lib/active_record/connection_adapters/abstract/connection_pool.rb:422:in `acquire_connection'
  activerecord (4.2.1) lib/active_record/connection_adapters/abstract/connection_pool.rb:349:in `block in checkout'
  /usr/local/Cellar/ruby/2.2.2/lib/ruby/2.2.0/monitor.rb:211:in `mon_synchronize'
  activerecord (4.2.1) lib/active_record/connection_adapters/abstract/connection_pool.rb:348:in `checkout'
  activerecord (4.2.1) lib/active_record/connection_adapters/abstract/connection_pool.rb:263:in `block in connection'
  /usr/local/Cellar/ruby/2.2.2/lib/ruby/2.2.0/monitor.rb:211:in `mon_synchronize'
  activerecord (4.2.1) lib/active_record/connection_adapters/abstract/connection_pool.rb:262:in `connection'
  activerecord (4.2.1) lib/active_record/connection_adapters/abstract/connection_pool.rb:567:in `retrieve_connection'
  activerecord (4.2.1) lib/active_record/connection_handling.rb:113:in `retrieve_connection'
  activerecord (4.2.1) lib/active_record/connection_handling.rb:87:in `connection'
  activerecord (4.2.1) lib/active_record/migration.rb:384:in `connection'
  activerecord (4.2.1) lib/active_record/migration.rb:371:in `call'
  actionpack (4.2.1) lib/action_dispatch/middleware/callbacks.rb:29:in `block in call'
  activesupport (4.2.1) lib/active_support/callbacks.rb:88:in `call'
  activesupport (4.2.1) lib/active_support/callbacks.rb:88:in `_run_callbacks'
  activesupport (4.2.1) lib/active_support/callbacks.rb:776:in `_run_call_callbacks'
  activesupport (4.2.1) lib/active_support/callbacks.rb:81:in `run_callbacks'
  actionpack (4.2.1) lib/action_dispatch/middleware/callbacks.rb:27:in `call'
  actionpack (4.2.1) lib/action_dispatch/middleware/reloader.rb:73:in `call'
  actionpack (4.2.1) lib/action_dispatch/middleware/remote_ip.rb:78:in `call'
  actionpack (4.2.1) lib/action_dispatch/middleware/debug_exceptions.rb:17:in `call'
  web-console (2.1.2) lib/web_console/middleware.rb:37:in `call'
  actionpack (4.2.1) lib/action_dispatch/middleware/show_exceptions.rb:30:in `call'
  railties (4.2.1) lib/rails/rack/logger.rb:38:in `call_app'
  railties (4.2.1) lib/rails/rack/logger.rb:20:in `block in call'
  activesupport (4.2.1) lib/active_support/tagged_logging.rb:68:in `block in tagged'
  activesupport (4.2.1) lib/active_support/tagged_logging.rb:26:in `tagged'
  activesupport (4.2.1) lib/active_support/tagged_logging.rb:68:in `tagged'
  railties (4.2.1) lib/rails/rack/logger.rb:20:in `call'
  actionpack (4.2.1) lib/action_dispatch/middleware/request_id.rb:21:in `call'
  rack (1.6.1) lib/rack/methodoverride.rb:22:in `call'
  rack (1.6.1) lib/rack/runtime.rb:18:in `call'
  activesupport (4.2.1) lib/active_support/cache/strategy/local_cache_middleware.rb:28:in `call'
  rack (1.6.1) lib/rack/lock.rb:17:in `call'
  actionpack (4.2.1) lib/action_dispatch/middleware/static.rb:113:in `call'
  rack (1.6.1) lib/rack/sendfile.rb:113:in `call'
  railties (4.2.1) lib/rails/engine.rb:518:in `call'
  railties (4.2.1) lib/rails/application.rb:164:in `call'
  rack (1.6.1) lib/rack/lock.rb:17:in `call'
  rack (1.6.1) lib/rack/content_length.rb:15:in `call'
  rack (1.6.1) lib/rack/handler/webrick.rb:89:in `service'
  /usr/local/Cellar/ruby/2.2.2/lib/ruby/2.2.0/webrick/httpserver.rb:138:in `service'
  /usr/local/Cellar/ruby/2.2.2/lib/ruby/2.2.0/webrick/httpserver.rb:94:in `run'
  /usr/local/Cellar/ruby/2.2.2/lib/ruby/2.2.0/webrick/server.rb:294:in `block in start_thread'


  Rendered /usr/local/lib/ruby/gems/2.2.0/gems/actionpack-4.2.1/lib/action_dispatch/middleware/templates/rescues/_source.erb (3.0ms)
  Rendered /usr/local/lib/ruby/gems/2.2.0/gems/actionpack-4.2.1/lib/action_dispatch/middleware/templates/rescues/_trace.html.erb (1.9ms)
  Rendered /usr/local/lib/ruby/gems/2.2.0/gems/actionpack-4.2.1/lib/action_dispatch/middleware/templates/rescues/_request_and_response.html.erb (1.0ms)
  Rendered /usr/local/lib/ruby/gems/2.2.0/gems/actionpack-4.2.1/lib/action_dispatch/middleware/templates/rescues/diagnostics.html.erb within rescues/layout (45.4ms)
  Rendered /usr/local/lib/ruby/gems/2.2.0/gems/web-console-2.1.2/lib/web_console/templates/_markup.html.erb (0.4ms)
  Rendered /usr/local/lib/ruby/gems/2.2.0/gems/web-console-2.1.2/lib/web_console/templates/style.css.erb within layouts/inlined_string (0.4ms)
  Rendered /usr/local/lib/ruby/gems/2.2.0/gems/web-console-2.1.2/lib/web_console/templates/_inner_console_markup.html.erb within layouts/inlined_string (0.3ms)
  Rendered /usr/local/lib/ruby/gems/2.2.0/gems/web-console-2.1.2/lib/web_console/templates/_prompt_box_markup.html.erb within layouts/inlined_string (0.3ms)
  Rendered /usr/local/lib/ruby/gems/2.2.0/gems/web-console-2.1.2/lib/web_console/templates/console.js.erb within layouts/javascript (45.2ms)
  Rendered /usr/local/lib/ruby/gems/2.2.0/gems/web-console-2.1.2/lib/web_console/templates/main.js.erb within layouts/javascript (0.3ms)
  Rendered /usr/local/lib/ruby/gems/2.2.0/gems/web-console-2.1.2/lib/web_console/templates/error_page.js.erb within layouts/javascript (0.4ms)
  Rendered /usr/local/lib/ruby/gems/2.2.0/gems/web-console-2.1.2/lib/web_console/templates/index.html.erb (97.8ms)


Started GET "/" for ::1 at 2015-06-01 15:43:46 -0400

ActiveRecord::NoDatabaseError (FATAL:  database "life_tracker_development" does not exist
):
  activerecord (4.2.1) lib/active_record/connection_adapters/postgresql_adapter.rb:661:in `rescue in connect'
  activerecord (4.2.1) lib/active_record/connection_adapters/postgresql_adapter.rb:651:in `connect'
  activerecord (4.2.1) lib/active_record/connection_adapters/postgresql_adapter.rb:242:in `initialize'
  activerecord (4.2.1) lib/active_record/connection_adapters/postgresql_adapter.rb:44:in `new'
  activerecord (4.2.1) lib/active_record/connection_adapters/postgresql_adapter.rb:44:in `postgresql_connection'
  activerecord (4.2.1) lib/active_record/connection_adapters/abstract/connection_pool.rb:438:in `new_connection'
  activerecord (4.2.1) lib/active_record/connection_adapters/abstract/connection_pool.rb:448:in `checkout_new_connection'
  activerecord (4.2.1) lib/active_record/connection_adapters/abstract/connection_pool.rb:422:in `acquire_connection'
  activerecord (4.2.1) lib/active_record/connection_adapters/abstract/connection_pool.rb:349:in `block in checkout'
  /usr/local/Cellar/ruby/2.2.2/lib/ruby/2.2.0/monitor.rb:211:in `mon_synchronize'
  activerecord (4.2.1) lib/active_record/connection_adapters/abstract/connection_pool.rb:348:in `checkout'
  activerecord (4.2.1) lib/active_record/connection_adapters/abstract/connection_pool.rb:263:in `block in connection'
  /usr/local/Cellar/ruby/2.2.2/lib/ruby/2.2.0/monitor.rb:211:in `mon_synchronize'
  activerecord (4.2.1) lib/active_record/connection_adapters/abstract/connection_pool.rb:262:in `connection'
  activerecord (4.2.1) lib/active_record/connection_adapters/abstract/connection_pool.rb:567:in `retrieve_connection'
  activerecord (4.2.1) lib/active_record/connection_handling.rb:113:in `retrieve_connection'
  activerecord (4.2.1) lib/active_record/connection_handling.rb:87:in `connection'
  activerecord (4.2.1) lib/active_record/migration.rb:384:in `connection'
  activerecord (4.2.1) lib/active_record/migration.rb:371:in `call'
  actionpack (4.2.1) lib/action_dispatch/middleware/callbacks.rb:29:in `block in call'
  activesupport (4.2.1) lib/active_support/callbacks.rb:88:in `call'
  activesupport (4.2.1) lib/active_support/callbacks.rb:88:in `_run_callbacks'
  activesupport (4.2.1) lib/active_support/callbacks.rb:776:in `_run_call_callbacks'
  activesupport (4.2.1) lib/active_support/callbacks.rb:81:in `run_callbacks'
  actionpack (4.2.1) lib/action_dispatch/middleware/callbacks.rb:27:in `call'
  actionpack (4.2.1) lib/action_dispatch/middleware/reloader.rb:73:in `call'
  actionpack (4.2.1) lib/action_dispatch/middleware/remote_ip.rb:78:in `call'
  actionpack (4.2.1) lib/action_dispatch/middleware/debug_exceptions.rb:17:in `call'
  web-console (2.1.2) lib/web_console/middleware.rb:37:in `call'
  actionpack (4.2.1) lib/action_dispatch/middleware/show_exceptions.rb:30:in `call'
  railties (4.2.1) lib/rails/rack/logger.rb:38:in `call_app'
  railties (4.2.1) lib/rails/rack/logger.rb:20:in `block in call'
  activesupport (4.2.1) lib/active_support/tagged_logging.rb:68:in `block in tagged'
  activesupport (4.2.1) lib/active_support/tagged_logging.rb:26:in `tagged'
  activesupport (4.2.1) lib/active_support/tagged_logging.rb:68:in `tagged'
  railties (4.2.1) lib/rails/rack/logger.rb:20:in `call'
  actionpack (4.2.1) lib/action_dispatch/middleware/request_id.rb:21:in `call'
  rack (1.6.1) lib/rack/methodoverride.rb:22:in `call'
  rack (1.6.1) lib/rack/runtime.rb:18:in `call'
  activesupport (4.2.1) lib/active_support/cache/strategy/local_cache_middleware.rb:28:in `call'
  rack (1.6.1) lib/rack/lock.rb:17:in `call'
  actionpack (4.2.1) lib/action_dispatch/middleware/static.rb:113:in `call'
  rack (1.6.1) lib/rack/sendfile.rb:113:in `call'
  railties (4.2.1) lib/rails/engine.rb:518:in `call'
  railties (4.2.1) lib/rails/application.rb:164:in `call'
  rack (1.6.1) lib/rack/lock.rb:17:in `call'
  rack (1.6.1) lib/rack/content_length.rb:15:in `call'
  rack (1.6.1) lib/rack/handler/webrick.rb:89:in `service'
  /usr/local/Cellar/ruby/2.2.2/lib/ruby/2.2.0/webrick/httpserver.rb:138:in `service'
  /usr/local/Cellar/ruby/2.2.2/lib/ruby/2.2.0/webrick/httpserver.rb:94:in `run'
  /usr/local/Cellar/ruby/2.2.2/lib/ruby/2.2.0/webrick/server.rb:294:in `block in start_thread'


  Rendered /usr/local/lib/ruby/gems/2.2.0/gems/actionpack-4.2.1/lib/action_dispatch/middleware/templates/rescues/_source.erb (3.1ms)
  Rendered /usr/local/lib/ruby/gems/2.2.0/gems/actionpack-4.2.1/lib/action_dispatch/middleware/templates/rescues/_trace.html.erb (1.6ms)
  Rendered /usr/local/lib/ruby/gems/2.2.0/gems/actionpack-4.2.1/lib/action_dispatch/middleware/templates/rescues/_request_and_response.html.erb (0.8ms)
  Rendered /usr/local/lib/ruby/gems/2.2.0/gems/actionpack-4.2.1/lib/action_dispatch/middleware/templates/rescues/diagnostics.html.erb within rescues/layout (45.9ms)
  Rendered /usr/local/lib/ruby/gems/2.2.0/gems/web-console-2.1.2/lib/web_console/templates/_markup.html.erb (0.4ms)
  Rendered /usr/local/lib/ruby/gems/2.2.0/gems/web-console-2.1.2/lib/web_console/templates/style.css.erb within layouts/inlined_string (0.3ms)
  Rendered /usr/local/lib/ruby/gems/2.2.0/gems/web-console-2.1.2/lib/web_console/templates/_inner_console_markup.html.erb within layouts/inlined_string (0.3ms)
  Rendered /usr/local/lib/ruby/gems/2.2.0/gems/web-console-2.1.2/lib/web_console/templates/_prompt_box_markup.html.erb within layouts/inlined_string (0.3ms)
  Rendered /usr/local/lib/ruby/gems/2.2.0/gems/web-console-2.1.2/lib/web_console/templates/console.js.erb within layouts/javascript (43.2ms)
  Rendered /usr/local/lib/ruby/gems/2.2.0/gems/web-console-2.1.2/lib/web_console/templates/main.js.erb within layouts/javascript (0.3ms)
  Rendered /usr/local/lib/ruby/gems/2.2.0/gems/web-console-2.1.2/lib/web_console/templates/error_page.js.erb within layouts/javascript (0.4ms)
  Rendered /usr/local/lib/ruby/gems/2.2.0/gems/web-console-2.1.2/lib/web_console/templates/index.html.erb (97.8ms)


Started GET "/" for ::1 at 2015-06-01 15:44:01 -0400

ActiveRecord::NoDatabaseError (FATAL:  database "life_tracker" does not exist
):
  activerecord (4.2.1) lib/active_record/connection_adapters/postgresql_adapter.rb:661:in `rescue in connect'
  activerecord (4.2.1) lib/active_record/connection_adapters/postgresql_adapter.rb:651:in `connect'
  activerecord (4.2.1) lib/active_record/connection_adapters/postgresql_adapter.rb:242:in `initialize'
  activerecord (4.2.1) lib/active_record/connection_adapters/postgresql_adapter.rb:44:in `new'
  activerecord (4.2.1) lib/active_record/connection_adapters/postgresql_adapter.rb:44:in `postgresql_connection'
  activerecord (4.2.1) lib/active_record/connection_adapters/abstract/connection_pool.rb:438:in `new_connection'
  activerecord (4.2.1) lib/active_record/connection_adapters/abstract/connection_pool.rb:448:in `checkout_new_connection'
  activerecord (4.2.1) lib/active_record/connection_adapters/abstract/connection_pool.rb:422:in `acquire_connection'
  activerecord (4.2.1) lib/active_record/connection_adapters/abstract/connection_pool.rb:349:in `block in checkout'
  /usr/local/Cellar/ruby/2.2.2/lib/ruby/2.2.0/monitor.rb:211:in `mon_synchronize'
  activerecord (4.2.1) lib/active_record/connection_adapters/abstract/connection_pool.rb:348:in `checkout'
  activerecord (4.2.1) lib/active_record/connection_adapters/abstract/connection_pool.rb:263:in `block in connection'
  /usr/local/Cellar/ruby/2.2.2/lib/ruby/2.2.0/monitor.rb:211:in `mon_synchronize'
  activerecord (4.2.1) lib/active_record/connection_adapters/abstract/connection_pool.rb:262:in `connection'
  activerecord (4.2.1) lib/active_record/connection_adapters/abstract/connection_pool.rb:567:in `retrieve_connection'
  activerecord (4.2.1) lib/active_record/connection_handling.rb:113:in `retrieve_connection'
  activerecord (4.2.1) lib/active_record/connection_handling.rb:87:in `connection'
  activerecord (4.2.1) lib/active_record/migration.rb:384:in `connection'
  activerecord (4.2.1) lib/active_record/migration.rb:371:in `call'
  actionpack (4.2.1) lib/action_dispatch/middleware/callbacks.rb:29:in `block in call'
  activesupport (4.2.1) lib/active_support/callbacks.rb:88:in `call'
  activesupport (4.2.1) lib/active_support/callbacks.rb:88:in `_run_callbacks'
  activesupport (4.2.1) lib/active_support/callbacks.rb:776:in `_run_call_callbacks'
  activesupport (4.2.1) lib/active_support/callbacks.rb:81:in `run_callbacks'
  actionpack (4.2.1) lib/action_dispatch/middleware/callbacks.rb:27:in `call'
  actionpack (4.2.1) lib/action_dispatch/middleware/reloader.rb:73:in `call'
  actionpack (4.2.1) lib/action_dispatch/middleware/remote_ip.rb:78:in `call'
  actionpack (4.2.1) lib/action_dispatch/middleware/debug_exceptions.rb:17:in `call'
  web-console (2.1.2) lib/web_console/middleware.rb:37:in `call'
  actionpack (4.2.1) lib/action_dispatch/middleware/show_exceptions.rb:30:in `call'
  railties (4.2.1) lib/rails/rack/logger.rb:38:in `call_app'
  railties (4.2.1) lib/rails/rack/logger.rb:20:in `block in call'
  activesupport (4.2.1) lib/active_support/tagged_logging.rb:68:in `block in tagged'
  activesupport (4.2.1) lib/active_support/tagged_logging.rb:26:in `tagged'
  activesupport (4.2.1) lib/active_support/tagged_logging.rb:68:in `tagged'
  railties (4.2.1) lib/rails/rack/logger.rb:20:in `call'
  actionpack (4.2.1) lib/action_dispatch/middleware/request_id.rb:21:in `call'
  rack (1.6.1) lib/rack/methodoverride.rb:22:in `call'
  rack (1.6.1) lib/rack/runtime.rb:18:in `call'
  activesupport (4.2.1) lib/active_support/cache/strategy/local_cache_middleware.rb:28:in `call'
  rack (1.6.1) lib/rack/lock.rb:17:in `call'
  actionpack (4.2.1) lib/action_dispatch/middleware/static.rb:113:in `call'
  rack (1.6.1) lib/rack/sendfile.rb:113:in `call'
  railties (4.2.1) lib/rails/engine.rb:518:in `call'
  railties (4.2.1) lib/rails/application.rb:164:in `call'
  rack (1.6.1) lib/rack/lock.rb:17:in `call'
  rack (1.6.1) lib/rack/content_length.rb:15:in `call'
  rack (1.6.1) lib/rack/handler/webrick.rb:89:in `service'
  /usr/local/Cellar/ruby/2.2.2/lib/ruby/2.2.0/webrick/httpserver.rb:138:in `service'
  /usr/local/Cellar/ruby/2.2.2/lib/ruby/2.2.0/webrick/httpserver.rb:94:in `run'
  /usr/local/Cellar/ruby/2.2.2/lib/ruby/2.2.0/webrick/server.rb:294:in `block in start_thread'


  Rendered /usr/local/lib/ruby/gems/2.2.0/gems/actionpack-4.2.1/lib/action_dispatch/middleware/templates/rescues/_source.erb (3.9ms)
  Rendered /usr/local/lib/ruby/gems/2.2.0/gems/actionpack-4.2.1/lib/action_dispatch/middleware/templates/rescues/_trace.html.erb (1.5ms)
  Rendered /usr/local/lib/ruby/gems/2.2.0/gems/actionpack-4.2.1/lib/action_dispatch/middleware/templates/rescues/_request_and_response.html.erb (1.0ms)
  Rendered /usr/local/lib/ruby/gems/2.2.0/gems/actionpack-4.2.1/lib/action_dispatch/middleware/templates/rescues/diagnostics.html.erb within rescues/layout (49.5ms)
  Rendered /usr/local/lib/ruby/gems/2.2.0/gems/web-console-2.1.2/lib/web_console/templates/_markup.html.erb (0.7ms)
  Rendered /usr/local/lib/ruby/gems/2.2.0/gems/web-console-2.1.2/lib/web_console/templates/style.css.erb within layouts/inlined_string (0.4ms)
  Rendered /usr/local/lib/ruby/gems/2.2.0/gems/web-console-2.1.2/lib/web_console/templates/_inner_console_markup.html.erb within layouts/inlined_string (0.3ms)
  Rendered /usr/local/lib/ruby/gems/2.2.0/gems/web-console-2.1.2/lib/web_console/templates/_prompt_box_markup.html.erb within layouts/inlined_string (0.4ms)
  Rendered /usr/local/lib/ruby/gems/2.2.0/gems/web-console-2.1.2/lib/web_console/templates/console.js.erb within layouts/javascript (44.1ms)
  Rendered /usr/local/lib/ruby/gems/2.2.0/gems/web-console-2.1.2/lib/web_console/templates/main.js.erb within layouts/javascript (0.4ms)
  Rendered /usr/local/lib/ruby/gems/2.2.0/gems/web-console-2.1.2/lib/web_console/templates/error_page.js.erb within layouts/javascript (0.4ms)
  Rendered /usr/local/lib/ruby/gems/2.2.0/gems/web-console-2.1.2/lib/web_console/templates/index.html.erb (106.0ms)


Started GET "/" for ::1 at 2015-06-01 15:45:44 -0400

ActiveRecord::NoDatabaseError (FATAL:  database "life_tracker" does not exist
):
  activerecord (4.2.1) lib/active_record/connection_adapters/postgresql_adapter.rb:661:in `rescue in connect'
  activerecord (4.2.1) lib/active_record/connection_adapters/postgresql_adapter.rb:651:in `connect'
  activerecord (4.2.1) lib/active_record/connection_adapters/postgresql_adapter.rb:242:in `initialize'
  activerecord (4.2.1) lib/active_record/connection_adapters/postgresql_adapter.rb:44:in `new'
  activerecord (4.2.1) lib/active_record/connection_adapters/postgresql_adapter.rb:44:in `postgresql_connection'
  activerecord (4.2.1) lib/active_record/connection_adapters/abstract/connection_pool.rb:438:in `new_connection'
  activerecord (4.2.1) lib/active_record/connection_adapters/abstract/connection_pool.rb:448:in `checkout_new_connection'
  activerecord (4.2.1) lib/active_record/connection_adapters/abstract/connection_pool.rb:422:in `acquire_connection'
  activerecord (4.2.1) lib/active_record/connection_adapters/abstract/connection_pool.rb:349:in `block in checkout'
  /usr/local/Cellar/ruby/2.2.2/lib/ruby/2.2.0/monitor.rb:211:in `mon_synchronize'
  activerecord (4.2.1) lib/active_record/connection_adapters/abstract/connection_pool.rb:348:in `checkout'
  activerecord (4.2.1) lib/active_record/connection_adapters/abstract/connection_pool.rb:263:in `block in connection'
  /usr/local/Cellar/ruby/2.2.2/lib/ruby/2.2.0/monitor.rb:211:in `mon_synchronize'
  activerecord (4.2.1) lib/active_record/connection_adapters/abstract/connection_pool.rb:262:in `connection'
  activerecord (4.2.1) lib/active_record/connection_adapters/abstract/connection_pool.rb:567:in `retrieve_connection'
  activerecord (4.2.1) lib/active_record/connection_handling.rb:113:in `retrieve_connection'
  activerecord (4.2.1) lib/active_record/connection_handling.rb:87:in `connection'
  activerecord (4.2.1) lib/active_record/migration.rb:384:in `connection'
  activerecord (4.2.1) lib/active_record/migration.rb:371:in `call'
  actionpack (4.2.1) lib/action_dispatch/middleware/callbacks.rb:29:in `block in call'
  activesupport (4.2.1) lib/active_support/callbacks.rb:88:in `call'
  activesupport (4.2.1) lib/active_support/callbacks.rb:88:in `_run_callbacks'
  activesupport (4.2.1) lib/active_support/callbacks.rb:776:in `_run_call_callbacks'
  activesupport (4.2.1) lib/active_support/callbacks.rb:81:in `run_callbacks'
  actionpack (4.2.1) lib/action_dispatch/middleware/callbacks.rb:27:in `call'
  actionpack (4.2.1) lib/action_dispatch/middleware/reloader.rb:73:in `call'
  actionpack (4.2.1) lib/action_dispatch/middleware/remote_ip.rb:78:in `call'
  actionpack (4.2.1) lib/action_dispatch/middleware/debug_exceptions.rb:17:in `call'
  web-console (2.1.2) lib/web_console/middleware.rb:37:in `call'
  actionpack (4.2.1) lib/action_dispatch/middleware/show_exceptions.rb:30:in `call'
  railties (4.2.1) lib/rails/rack/logger.rb:38:in `call_app'
  railties (4.2.1) lib/rails/rack/logger.rb:20:in `block in call'
  activesupport (4.2.1) lib/active_support/tagged_logging.rb:68:in `block in tagged'
  activesupport (4.2.1) lib/active_support/tagged_logging.rb:26:in `tagged'
  activesupport (4.2.1) lib/active_support/tagged_logging.rb:68:in `tagged'
  railties (4.2.1) lib/rails/rack/logger.rb:20:in `call'
  actionpack (4.2.1) lib/action_dispatch/middleware/request_id.rb:21:in `call'
  rack (1.6.1) lib/rack/methodoverride.rb:22:in `call'
  rack (1.6.1) lib/rack/runtime.rb:18:in `call'
  activesupport (4.2.1) lib/active_support/cache/strategy/local_cache_middleware.rb:28:in `call'
  rack (1.6.1) lib/rack/lock.rb:17:in `call'
  actionpack (4.2.1) lib/action_dispatch/middleware/static.rb:113:in `call'
  rack (1.6.1) lib/rack/sendfile.rb:113:in `call'
  railties (4.2.1) lib/rails/engine.rb:518:in `call'
  railties (4.2.1) lib/rails/application.rb:164:in `call'
  rack (1.6.1) lib/rack/lock.rb:17:in `call'
  rack (1.6.1) lib/rack/content_length.rb:15:in `call'
  rack (1.6.1) lib/rack/handler/webrick.rb:89:in `service'
  /usr/local/Cellar/ruby/2.2.2/lib/ruby/2.2.0/webrick/httpserver.rb:138:in `service'
  /usr/local/Cellar/ruby/2.2.2/lib/ruby/2.2.0/webrick/httpserver.rb:94:in `run'
  /usr/local/Cellar/ruby/2.2.2/lib/ruby/2.2.0/webrick/server.rb:294:in `block in start_thread'


  Rendered /usr/local/lib/ruby/gems/2.2.0/gems/actionpack-4.2.1/lib/action_dispatch/middleware/templates/rescues/_source.erb (2.7ms)
  Rendered /usr/local/lib/ruby/gems/2.2.0/gems/actionpack-4.2.1/lib/action_dispatch/middleware/templates/rescues/_trace.html.erb (2.3ms)
  Rendered /usr/local/lib/ruby/gems/2.2.0/gems/actionpack-4.2.1/lib/action_dispatch/middleware/templates/rescues/_request_and_response.html.erb (0.8ms)
  Rendered /usr/local/lib/ruby/gems/2.2.0/gems/actionpack-4.2.1/lib/action_dispatch/middleware/templates/rescues/diagnostics.html.erb within rescues/layout (44.0ms)
  Rendered /usr/local/lib/ruby/gems/2.2.0/gems/web-console-2.1.2/lib/web_console/templates/_markup.html.erb (0.4ms)
  Rendered /usr/local/lib/ruby/gems/2.2.0/gems/web-console-2.1.2/lib/web_console/templates/style.css.erb within layouts/inlined_string (0.3ms)
  Rendered /usr/local/lib/ruby/gems/2.2.0/gems/web-console-2.1.2/lib/web_console/templates/_inner_console_markup.html.erb within layouts/inlined_string (0.3ms)
  Rendered /usr/local/lib/ruby/gems/2.2.0/gems/web-console-2.1.2/lib/web_console/templates/_prompt_box_markup.html.erb within layouts/inlined_string (0.3ms)
  Rendered /usr/local/lib/ruby/gems/2.2.0/gems/web-console-2.1.2/lib/web_console/templates/console.js.erb within layouts/javascript (37.8ms)
  Rendered /usr/local/lib/ruby/gems/2.2.0/gems/web-console-2.1.2/lib/web_console/templates/main.js.erb within layouts/javascript (0.2ms)
  Rendered /usr/local/lib/ruby/gems/2.2.0/gems/web-console-2.1.2/lib/web_console/templates/error_page.js.erb within layouts/javascript (0.4ms)
  Rendered /usr/local/lib/ruby/gems/2.2.0/gems/web-console-2.1.2/lib/web_console/templates/index.html.erb (82.9ms)


Started GET "/" for ::1 at 2015-06-01 15:49:23 -0400

ActiveRecord::NoDatabaseError (FATAL:  database "life_tracker" does not exist
):
  activerecord (4.2.1) lib/active_record/connection_adapters/postgresql_adapter.rb:661:in `rescue in connect'
  activerecord (4.2.1) lib/active_record/connection_adapters/postgresql_adapter.rb:651:in `connect'
  activerecord (4.2.1) lib/active_record/connection_adapters/postgresql_adapter.rb:242:in `initialize'
  activerecord (4.2.1) lib/active_record/connection_adapters/postgresql_adapter.rb:44:in `new'
  activerecord (4.2.1) lib/active_record/connection_adapters/postgresql_adapter.rb:44:in `postgresql_connection'
  activerecord (4.2.1) lib/active_record/connection_adapters/abstract/connection_pool.rb:438:in `new_connection'
  activerecord (4.2.1) lib/active_record/connection_adapters/abstract/connection_pool.rb:448:in `checkout_new_connection'
  activerecord (4.2.1) lib/active_record/connection_adapters/abstract/connection_pool.rb:422:in `acquire_connection'
  activerecord (4.2.1) lib/active_record/connection_adapters/abstract/connection_pool.rb:349:in `block in checkout'
  /usr/local/Cellar/ruby/2.2.2/lib/ruby/2.2.0/monitor.rb:211:in `mon_synchronize'
  activerecord (4.2.1) lib/active_record/connection_adapters/abstract/connection_pool.rb:348:in `checkout'
  activerecord (4.2.1) lib/active_record/connection_adapters/abstract/connection_pool.rb:263:in `block in connection'
  /usr/local/Cellar/ruby/2.2.2/lib/ruby/2.2.0/monitor.rb:211:in `mon_synchronize'
  activerecord (4.2.1) lib/active_record/connection_adapters/abstract/connection_pool.rb:262:in `connection'
  activerecord (4.2.1) lib/active_record/connection_adapters/abstract/connection_pool.rb:567:in `retrieve_connection'
  activerecord (4.2.1) lib/active_record/connection_handling.rb:113:in `retrieve_connection'
  activerecord (4.2.1) lib/active_record/connection_handling.rb:87:in `connection'
  activerecord (4.2.1) lib/active_record/migration.rb:384:in `connection'
  activerecord (4.2.1) lib/active_record/migration.rb:371:in `call'
  actionpack (4.2.1) lib/action_dispatch/middleware/callbacks.rb:29:in `block in call'
  activesupport (4.2.1) lib/active_support/callbacks.rb:88:in `call'
  activesupport (4.2.1) lib/active_support/callbacks.rb:88:in `_run_callbacks'
  activesupport (4.2.1) lib/active_support/callbacks.rb:776:in `_run_call_callbacks'
  activesupport (4.2.1) lib/active_support/callbacks.rb:81:in `run_callbacks'
  actionpack (4.2.1) lib/action_dispatch/middleware/callbacks.rb:27:in `call'
  actionpack (4.2.1) lib/action_dispatch/middleware/reloader.rb:73:in `call'
  actionpack (4.2.1) lib/action_dispatch/middleware/remote_ip.rb:78:in `call'
  actionpack (4.2.1) lib/action_dispatch/middleware/debug_exceptions.rb:17:in `call'
  web-console (2.1.2) lib/web_console/middleware.rb:37:in `call'
  actionpack (4.2.1) lib/action_dispatch/middleware/show_exceptions.rb:30:in `call'
  railties (4.2.1) lib/rails/rack/logger.rb:38:in `call_app'
  railties (4.2.1) lib/rails/rack/logger.rb:20:in `block in call'
  activesupport (4.2.1) lib/active_support/tagged_logging.rb:68:in `block in tagged'
  activesupport (4.2.1) lib/active_support/tagged_logging.rb:26:in `tagged'
  activesupport (4.2.1) lib/active_support/tagged_logging.rb:68:in `tagged'
  railties (4.2.1) lib/rails/rack/logger.rb:20:in `call'
  actionpack (4.2.1) lib/action_dispatch/middleware/request_id.rb:21:in `call'
  rack (1.6.1) lib/rack/methodoverride.rb:22:in `call'
  rack (1.6.1) lib/rack/runtime.rb:18:in `call'
  activesupport (4.2.1) lib/active_support/cache/strategy/local_cache_middleware.rb:28:in `call'
  rack (1.6.1) lib/rack/lock.rb:17:in `call'
  actionpack (4.2.1) lib/action_dispatch/middleware/static.rb:113:in `call'
  rack (1.6.1) lib/rack/sendfile.rb:113:in `call'
  railties (4.2.1) lib/rails/engine.rb:518:in `call'
  railties (4.2.1) lib/rails/application.rb:164:in `call'
  rack (1.6.1) lib/rack/lock.rb:17:in `call'
  rack (1.6.1) lib/rack/content_length.rb:15:in `call'
  rack (1.6.1) lib/rack/handler/webrick.rb:89:in `service'
  /usr/local/Cellar/ruby/2.2.2/lib/ruby/2.2.0/webrick/httpserver.rb:138:in `service'
  /usr/local/Cellar/ruby/2.2.2/lib/ruby/2.2.0/webrick/httpserver.rb:94:in `run'
  /usr/local/Cellar/ruby/2.2.2/lib/ruby/2.2.0/webrick/server.rb:294:in `block in start_thread'


  Rendered /usr/local/lib/ruby/gems/2.2.0/gems/actionpack-4.2.1/lib/action_dispatch/middleware/templates/rescues/_source.erb (3.5ms)
  Rendered /usr/local/lib/ruby/gems/2.2.0/gems/actionpack-4.2.1/lib/action_dispatch/middleware/templates/rescues/_trace.html.erb (1.4ms)
  Rendered /usr/local/lib/ruby/gems/2.2.0/gems/actionpack-4.2.1/lib/action_dispatch/middleware/templates/rescues/_request_and_response.html.erb (1.0ms)
  Rendered /usr/local/lib/ruby/gems/2.2.0/gems/actionpack-4.2.1/lib/action_dispatch/middleware/templates/rescues/diagnostics.html.erb within rescues/layout (48.2ms)
  Rendered /usr/local/lib/ruby/gems/2.2.0/gems/web-console-2.1.2/lib/web_console/templates/_markup.html.erb (0.4ms)
  Rendered /usr/local/lib/ruby/gems/2.2.0/gems/web-console-2.1.2/lib/web_console/templates/style.css.erb within layouts/inlined_string (0.3ms)
  Rendered /usr/local/lib/ruby/gems/2.2.0/gems/web-console-2.1.2/lib/web_console/templates/_inner_console_markup.html.erb within layouts/inlined_string (0.3ms)
  Rendered /usr/local/lib/ruby/gems/2.2.0/gems/web-console-2.1.2/lib/web_console/templates/_prompt_box_markup.html.erb within layouts/inlined_string (0.3ms)
  Rendered /usr/local/lib/ruby/gems/2.2.0/gems/web-console-2.1.2/lib/web_console/templates/console.js.erb within layouts/javascript (38.9ms)
  Rendered /usr/local/lib/ruby/gems/2.2.0/gems/web-console-2.1.2/lib/web_console/templates/main.js.erb within layouts/javascript (0.3ms)
  Rendered /usr/local/lib/ruby/gems/2.2.0/gems/web-console-2.1.2/lib/web_console/templates/error_page.js.erb within layouts/javascript (0.4ms)
  Rendered /usr/local/lib/ruby/gems/2.2.0/gems/web-console-2.1.2/lib/web_console/templates/index.html.erb (86.8ms)
  [1m[36m (5.8ms)[0m  [1mCREATE TABLE "schema_migrations" ("version" character varying NOT NULL) [0m
  [1m[35m (2.2ms)[0m  CREATE UNIQUE INDEX  "unique_schema_migrations" ON "schema_migrations"  ("version")
  [1m[36mActiveRecord::SchemaMigration Load (0.4ms)[0m  [1mSELECT "schema_migrations".* FROM "schema_migrations"[0m
Migrating to CreateSchools (20150601192549)
  [1m[35m (0.2ms)[0m  BEGIN
  [1m[36m (6.5ms)[0m  [1mCREATE TABLE "schools" ("id" serial primary key, "name" character varying, "start_year" integer, "end_year" integer, "created_at" timestamp NOT NULL, "updated_at" timestamp NOT NULL) [0m
  [1m[35mSQL (0.4ms)[0m  INSERT INTO "schema_migrations" ("version") VALUES ($1)  [["version", "20150601192549"]]
  [1m[36m (1.4ms)[0m  [1mCOMMIT[0m
Migrating to CreateLifeEvents (20150601193047)
  [1m[35m (0.3ms)[0m  BEGIN
  [1m[36m (4.8ms)[0m  [1mCREATE TABLE "life_events" ("id" serial primary key, "title" character varying, "date" date, "description" text, "created_at" timestamp NOT NULL, "updated_at" timestamp NOT NULL) [0m
  [1m[35mSQL (0.3ms)[0m  INSERT INTO "schema_migrations" ("version") VALUES ($1)  [["version", "20150601193047"]]
  [1m[36m (2.0ms)[0m  [1mCOMMIT[0m
  [1m[35mActiveRecord::SchemaMigration Load (0.3ms)[0m  SELECT "schema_migrations".* FROM "schema_migrations"
  [1m[36m (2.2ms)[0m  [1mSELECT t2.oid::regclass::text AS to_table, a1.attname AS column, a2.attname AS primary_key, c.conname AS name, c.confupdtype AS on_update, c.confdeltype AS on_delete
FROM pg_constraint c
JOIN pg_class t1 ON c.conrelid = t1.oid
JOIN pg_class t2 ON c.confrelid = t2.oid
JOIN pg_attribute a1 ON a1.attnum = c.conkey[1] AND a1.attrelid = t1.oid
JOIN pg_attribute a2 ON a2.attnum = c.confkey[1] AND a2.attrelid = t2.oid
JOIN pg_namespace t3 ON c.connamespace = t3.oid
WHERE c.contype = 'f'
  AND t1.relname = 'life_events'
  AND t3.nspname = ANY (current_schemas(false))
ORDER BY c.conname
[0m
  [1m[35m (1.9ms)[0m  SELECT t2.oid::regclass::text AS to_table, a1.attname AS column, a2.attname AS primary_key, c.conname AS name, c.confupdtype AS on_update, c.confdeltype AS on_delete
FROM pg_constraint c
JOIN pg_class t1 ON c.conrelid = t1.oid
JOIN pg_class t2 ON c.confrelid = t2.oid
JOIN pg_attribute a1 ON a1.attnum = c.conkey[1] AND a1.attrelid = t1.oid
JOIN pg_attribute a2 ON a2.attnum = c.confkey[1] AND a2.attrelid = t2.oid
JOIN pg_namespace t3 ON c.connamespace = t3.oid
WHERE c.contype = 'f'
  AND t1.relname = 'schools'
  AND t3.nspname = ANY (current_schemas(false))
ORDER BY c.conname



Started GET "/" for ::1 at 2015-06-01 15:51:47 -0400
  [1m[36mActiveRecord::SchemaMigration Load (0.4ms)[0m  [1mSELECT "schema_migrations".* FROM "schema_migrations"[0m
Processing by HomeController#index as HTML
  Rendered home/index.html.erb within layouts/application (2.7ms)
Completed 200 OK in 1633ms (Views: 1616.0ms | ActiveRecord: 0.0ms)


Started GET "/assets/life_events.self-e3b0c44298fc1c149afbf4c8996fb92427ae41e4649b934ca495991b7852b855.css?body=1" for ::1 at 2015-06-01 15:51:49 -0400


Started GET "/assets/home.self-e3b0c44298fc1c149afbf4c8996fb92427ae41e4649b934ca495991b7852b855.css?body=1" for ::1 at 2015-06-01 15:51:49 -0400


Started GET "/assets/home.self-877aef30ae1b040ab8a3aba4e3e309a11d7f2612f44dde450b5c157aa5f95c05.js?body=1" for ::1 at 2015-06-01 15:51:49 -0400


Started GET "/assets/scaffolds.self-869be571e1327ce7e55904a7f7ab618e82840fbbf673374fa659dea834843bd6.css?body=1" for ::1 at 2015-06-01 15:51:49 -0400


Started GET "/assets/schools.self-e3b0c44298fc1c149afbf4c8996fb92427ae41e4649b934ca495991b7852b855.css?body=1" for ::1 at 2015-06-01 15:51:49 -0400


Started GET "/assets/life_events.self-877aef30ae1b040ab8a3aba4e3e309a11d7f2612f44dde450b5c157aa5f95c05.js?body=1" for ::1 at 2015-06-01 15:51:49 -0400


Started GET "/assets/application.self-e80e8f2318043e8af94dddc2adad5a4f09739a8ebb323b3ab31cd71d45fd9113.css?body=1" for ::1 at 2015-06-01 15:51:49 -0400


Started GET "/assets/schools.self-877aef30ae1b040ab8a3aba4e3e309a11d7f2612f44dde450b5c157aa5f95c05.js?body=1" for ::1 at 2015-06-01 15:51:49 -0400


Started GET "/assets/jquery.self-d03a5518f45df77341bdbe6201ba3bfa547ebba8ed64f0ea56bfa5f96ea7c074.js?body=1" for ::1 at 2015-06-01 15:51:49 -0400


Started GET "/assets/jquery_ujs.self-8e98a7a072a6cee1372d19fff9ff3e6aa1e39a37d89d6f06861637d061113ee7.js?body=1" for ::1 at 2015-06-01 15:51:49 -0400


Started GET "/assets/turbolinks.self-c37727e9bd6b2735da5c311aa83fead54ed0be6cc8bd9a65309e9c5abe2cbfff.js?body=1" for ::1 at 2015-06-01 15:51:49 -0400


Started GET "/assets/application.self-3b8dabdc891efe46b9a144b400ad69e37d7e5876bdc39dee783419a69d7ca819.js?body=1" for ::1 at 2015-06-01 15:51:49 -0400


Started GET "/" for ::1 at 2015-06-01 16:18:31 -0400
Processing by HomeController#index as HTML
  Rendered home/index.html.erb within layouts/application (1.8ms)
Completed 200 OK in 69ms (Views: 67.2ms | ActiveRecord: 0.0ms)


Started GET "/assets/home.self-e3b0c44298fc1c149afbf4c8996fb92427ae41e4649b934ca495991b7852b855.css?body=1" for ::1 at 2015-06-01 16:18:31 -0400


Started GET "/assets/jquery.self-d03a5518f45df77341bdbe6201ba3bfa547ebba8ed64f0ea56bfa5f96ea7c074.js?body=1" for ::1 at 2015-06-01 16:18:31 -0400


Started GET "/assets/application.self-e80e8f2318043e8af94dddc2adad5a4f09739a8ebb323b3ab31cd71d45fd9113.css?body=1" for ::1 at 2015-06-01 16:18:31 -0400


Started GET "/assets/life_events.self-e3b0c44298fc1c149afbf4c8996fb92427ae41e4649b934ca495991b7852b855.css?body=1" for ::1 at 2015-06-01 16:18:31 -0400


Started GET "/assets/schools.self-e3b0c44298fc1c149afbf4c8996fb92427ae41e4649b934ca495991b7852b855.css?body=1" for ::1 at 2015-06-01 16:18:31 -0400


Started GET "/assets/scaffolds.self-869be571e1327ce7e55904a7f7ab618e82840fbbf673374fa659dea834843bd6.css?body=1" for ::1 at 2015-06-01 16:18:31 -0400


Started GET "/assets/jquery_ujs.self-8e98a7a072a6cee1372d19fff9ff3e6aa1e39a37d89d6f06861637d061113ee7.js?body=1" for ::1 at 2015-06-01 16:18:31 -0400


Started GET "/assets/turbolinks.self-c37727e9bd6b2735da5c311aa83fead54ed0be6cc8bd9a65309e9c5abe2cbfff.js?body=1" for ::1 at 2015-06-01 16:18:31 -0400


Started GET "/assets/home.self-877aef30ae1b040ab8a3aba4e3e309a11d7f2612f44dde450b5c157aa5f95c05.js?body=1" for ::1 at 2015-06-01 16:18:31 -0400


Started GET "/assets/life_events.self-877aef30ae1b040ab8a3aba4e3e309a11d7f2612f44dde450b5c157aa5f95c05.js?body=1" for ::1 at 2015-06-01 16:18:31 -0400


Started GET "/assets/schools.self-877aef30ae1b040ab8a3aba4e3e309a11d7f2612f44dde450b5c157aa5f95c05.js?body=1" for ::1 at 2015-06-01 16:18:31 -0400


Started GET "/assets/application.self-3b8dabdc891efe46b9a144b400ad69e37d7e5876bdc39dee783419a69d7ca819.js?body=1" for ::1 at 2015-06-01 16:18:31 -0400


Started GET "/schools" for ::1 at 2015-06-01 16:18:33 -0400
Processing by SchoolsController#index as HTML
  [1m[35mSchool Load (1.9ms)[0m  SELECT "schools".* FROM "schools"
  Rendered schools/index.html.erb within layouts/application (4.8ms)
Completed 200 OK in 47ms (Views: 40.9ms | ActiveRecord: 2.7ms)


Started GET "/schools/new" for ::1 at 2015-06-01 16:18:39 -0400
Processing by SchoolsController#new as HTML
  Rendered schools/_form.html.erb (39.7ms)
  Rendered schools/new.html.erb within layouts/application (47.1ms)
Completed 200 OK in 103ms (Views: 94.0ms | ActiveRecord: 2.5ms)


Started POST "/schools" for ::1 at 2015-06-01 16:19:10 -0400
Processing by SchoolsController#create as HTML
  Parameters: {"utf8"=>"✓", "authenticity_token"=>"Pa8aStGMAv9qdh9eFG/bnGDIxih7gQo5lUruASQJMbi2gHY3XPVJ5kOcQYkJmC66c87WWDZZ714PdCGj1idbeQ==", "school"=>{"name"=>"High School", "start_year"=>"1997", "end_year"=>"2001"}, "commit"=>"Create School"}
  [1m[36m (0.2ms)[0m  [1mBEGIN[0m
  [1m[35mSQL (0.7ms)[0m  INSERT INTO "schools" ("name", "start_year", "end_year", "created_at", "updated_at") VALUES ($1, $2, $3, $4, $5) RETURNING "id"  [["name", "High School"], ["start_year", 1997], ["end_year", 2001], ["created_at", "2015-06-01 20:19:10.611675"], ["updated_at", "2015-06-01 20:19:10.611675"]]
  [1m[36m (1.4ms)[0m  [1mCOMMIT[0m
Redirected to http://localhost:3000/schools/1
Completed 302 Found in 16ms (ActiveRecord: 2.6ms)


Started GET "/schools/1" for ::1 at 2015-06-01 16:19:10 -0400
Processing by SchoolsController#show as HTML
  Parameters: {"id"=>"1"}
  [1m[35mSchool Load (0.3ms)[0m  SELECT  "schools".* FROM "schools" WHERE "schools"."id" = $1 LIMIT 1  [["id", 1]]
  Rendered schools/show.html.erb within layouts/application (1.0ms)
Completed 200 OK in 67ms (Views: 52.7ms | ActiveRecord: 0.3ms)


Started GET "/schools/1/edit" for ::1 at 2015-06-01 16:19:14 -0400
Processing by SchoolsController#edit as HTML
  Parameters: {"id"=>"1"}
  [1m[36mSchool Load (0.3ms)[0m  [1mSELECT  "schools".* FROM "schools" WHERE "schools"."id" = $1 LIMIT 1[0m  [["id", 1]]
  Rendered schools/_form.html.erb (2.2ms)
  Rendered schools/edit.html.erb within layouts/application (4.1ms)
Completed 200 OK in 42ms (Views: 40.4ms | ActiveRecord: 0.3ms)


Started GET "/schools" for ::1 at 2015-06-01 16:19:26 -0400
Processing by SchoolsController#index as HTML
  [1m[35mSchool Load (0.4ms)[0m  SELECT "schools".* FROM "schools"
  Rendered schools/index.html.erb within layouts/application (2.5ms)
Completed 200 OK in 59ms (Views: 58.2ms | ActiveRecord: 0.4ms)


Started GET "/" for ::1 at 2015-06-01 16:19:31 -0400
Processing by HomeController#index as HTML
  Rendered home/index.html.erb within layouts/application (1.2ms)
Completed 200 OK in 60ms (Views: 59.2ms | ActiveRecord: 0.0ms)


Started GET "/schools" for ::1 at 2015-06-01 16:19:42 -0400
Processing by SchoolsController#index as HTML
  [1m[36mSchool Load (0.3ms)[0m  [1mSELECT "schools".* FROM "schools"[0m
  Rendered schools/index.html.erb within layouts/application (1.3ms)
Completed 200 OK in 38ms (Views: 37.0ms | ActiveRecord: 0.3ms)


Started DELETE "/schools/1" for ::1 at 2015-06-01 16:19:48 -0400
Processing by SchoolsController#destroy as HTML
  Parameters: {"authenticity_token"=>"cEWvLBLlt6Q7cEwLB/bAoIChoMDyn+aAJVNAYd5lVqP7asNRn5z8vRKaEtwaATWGk6ewsL9HA+e/bY/DLEs8Yg==", "id"=>"1"}
  [1m[35mSchool Load (0.7ms)[0m  SELECT  "schools".* FROM "schools" WHERE "schools"."id" = $1 LIMIT 1  [["id", 1]]
  [1m[36m (0.2ms)[0m  [1mBEGIN[0m
  [1m[35mSQL (0.2ms)[0m  DELETE FROM "schools" WHERE "schools"."id" = $1  [["id", 1]]
  [1m[36m (1.3ms)[0m  [1mCOMMIT[0m
Redirected to http://localhost:3000/schools
Completed 302 Found in 6ms (ActiveRecord: 2.4ms)


Started GET "/schools" for ::1 at 2015-06-01 16:19:48 -0400
Processing by SchoolsController#index as HTML
  [1m[35mSchool Load (0.3ms)[0m  SELECT "schools".* FROM "schools"
  Rendered schools/index.html.erb within layouts/application (1.5ms)
Completed 200 OK in 45ms (Views: 43.7ms | ActiveRecord: 0.3ms)


Started GET "/schools/new" for ::1 at 2015-06-01 16:19:53 -0400
Processing by SchoolsController#new as HTML
  Rendered schools/_form.html.erb (3.1ms)
  Rendered schools/new.html.erb within layouts/application (5.8ms)
Completed 200 OK in 51ms (Views: 50.3ms | ActiveRecord: 0.0ms)


Started POST "/schools" for ::1 at 2015-06-01 16:20:19 -0400
Processing by SchoolsController#create as HTML
  Parameters: {"utf8"=>"✓", "authenticity_token"=>"z1Gy8NkqoVoWljPRW65+7aGrONqYDstlkfPvgUVvGA5Eft6NVFPqQz98bQZGWYvLsq0oqtXWLgILzSAjt0Fyzw==", "school"=>{"name"=>"High School", "start_year"=>"1994", "end_year"=>"1997"}, "commit"=>"Create School"}
  [1m[36m (0.3ms)[0m  [1mBEGIN[0m
  [1m[35mSQL (1.3ms)[0m  INSERT INTO "schools" ("name", "start_year", "end_year", "created_at", "updated_at") VALUES ($1, $2, $3, $4, $5) RETURNING "id"  [["name", "High School"], ["start_year", 1994], ["end_year", 1997], ["created_at", "2015-06-01 20:20:19.362171"], ["updated_at", "2015-06-01 20:20:19.362171"]]
  [1m[36m (2.3ms)[0m  [1mCOMMIT[0m
Redirected to http://localhost:3000/schools/2
Completed 302 Found in 12ms (ActiveRecord: 3.9ms)


Started GET "/schools/2" for ::1 at 2015-06-01 16:20:19 -0400
Processing by SchoolsController#show as HTML
  Parameters: {"id"=>"2"}
  [1m[35mSchool Load (0.3ms)[0m  SELECT  "schools".* FROM "schools" WHERE "schools"."id" = $1 LIMIT 1  [["id", 2]]
  Rendered schools/show.html.erb within layouts/application (0.3ms)
Completed 200 OK in 39ms (Views: 37.8ms | ActiveRecord: 0.3ms)


Started GET "/schools" for ::1 at 2015-06-01 16:20:29 -0400
Processing by SchoolsController#index as HTML
  [1m[36mSchool Load (0.3ms)[0m  [1mSELECT "schools".* FROM "schools"[0m
  Rendered schools/index.html.erb within layouts/application (1.3ms)
Completed 200 OK in 41ms (Views: 40.3ms | ActiveRecord: 0.3ms)


Started GET "/schools" for ::1 at 2015-06-01 16:20:36 -0400
Processing by SchoolsController#index as HTML
  [1m[35mSchool Load (0.8ms)[0m  SELECT "schools".* FROM "schools"
  Rendered schools/index.html.erb within layouts/application (2.3ms)
Completed 200 OK in 76ms (Views: 74.1ms | ActiveRecord: 0.8ms)
